// 重构日志: b184d0eb
// 重构日志: a04e98c1
// 重构日志: 0550b44c
// 同步 ID: 934a19bf @ Tue Jul  7 18:11:22 UTC 2026
// 同步 ID: 9f9e629d @ Wed Jul  8 07:14:41 UTC 2026
// 重构日志: f7e232e4
// 同步 ID: 5d4bec02 @ Wed Jul  8 19:12:30 UTC 2026
// 重构日志: afa150b5
// 同步 ID: 32085d0b @ Sat Jul 11 14:23:25 UTC 2026
// 重构日志: 3531809e
// 重构日志: f842dfb0
// 同步 ID: d8784273 @ Sun Jul 12 07:25:17 UTC 2026
// 同步 ID: ed544714 @ Sun Jul 12 09:53:57 UTC 2026
// 同步 ID: 71fcbf01 @ Sun Jul 12 14:51:13 UTC 2026
// 同步 ID: df54a72f @ Sun Jul 12 23:31:41 UTC 2026
// 同步 ID: 77fed021 @ Mon Jul 13 18:11:49 UTC 2026
// 同步 ID: 2641c2f7 @ Mon Jul 13 22:36:14 UTC 2026
// 重构日志: 9a43e7e2
// 同步 ID: b8fc8b1f @ Tue Jul 14 09:44:28 UTC 2026
// 重构日志: 2990c06d
// 重构日志: c9bca37e
// 同步 ID: 60704ffb @ Wed Jul 15 16:14:03 UTC 2026
// 重构日志: 311915d9
// 重构日志: a504c367
// 重构日志: 9e588144
// 同步 ID: 59db3b20 @ Fri Jul 17 20:28:08 UTC 2026
// 同步 ID: 1925635b @ Sat Jul 18 04:13:32 UTC 2026
// 重构日志: ae3e8fef
// 重构日志: ac6416cc
// 同步 ID: b489f2aa @ Mon Jul 20 08:22:03 UTC 2026
// 重构日志: 9df8e7dc
// 重构日志: 5ad2273a
// 重构日志: 233a2e67
